Generated at 2017-03-09 15:43:13 +0530
SystemExit: remote_file[c:/chef/PortableGit-2.12.0-64-bit.7z.exe] (git_installer::default line 12) had an error: SystemExit: exit
C:/opscode/chefdk/embedded/lib/ruby/gems/2.3.0/gems/chef-12.18.31-universal-mingw32/lib/chef/application.rb:368:in `exit'
C:/opscode/chefdk/embedded/lib/ruby/gems/2.3.0/gems/chef-12.18.31-universal-mingw32/lib/chef/application.rb:368:in `fatal!'
C:/opscode/chefdk/embedded/lib/ruby/gems/2.3.0/gems/chef-12.18.31-universal-mingw32/lib/chef/application.rb:64:in `block in setup_signal_handlers'
C:/opscode/chefdk/embedded/lib/ruby/gems/2.3.0/gems/chef-12.18.31-universal-mingw32/lib/chef/http.rb:387:in `sleep'
C:/opscode/chefdk/embedded/lib/ruby/gems/2.3.0/gems/chef-12.18.31-universal-mingw32/lib/chef/http.rb:387:in `rescue in retrying_http_errors'
C:/opscode/chefdk/embedded/lib/ruby/gems/2.3.0/gems/chef-12.18.31-universal-mingw32/lib/chef/http.rb:369:in `retrying_http_errors'
C:/opscode/chefdk/embedded/lib/ruby/gems/2.3.0/gems/chef-12.18.31-universal-mingw32/lib/chef/http.rb:333:in `send_http_request'
C:/opscode/chefdk/embedded/lib/ruby/gems/2.3.0/gems/chef-12.18.31-universal-mingw32/lib/chef/http.rb:205:in `streaming_request'
C:/opscode/chefdk/embedded/lib/ruby/gems/2.3.0/gems/chef-12.18.31-universal-mingw32/lib/chef/provider/remote_file/http.rb:69:in `fetch'
C:/opscode/chefdk/embedded/lib/ruby/gems/2.3.0/gems/chef-12.18.31-universal-mingw32/lib/chef/provider/remote_file/content.rb:71:in `grab_file_from_uri'
C:/opscode/chefdk/embedded/lib/ruby/gems/2.3.0/gems/chef-12.18.31-universal-mingw32/lib/chef/provider/remote_file/content.rb:56:in `try_multiple_sources'
C:/opscode/chefdk/embedded/lib/ruby/gems/2.3.0/gems/chef-12.18.31-universal-mingw32/lib/chef/provider/remote_file/content.rb:41:in `file_for_provider'
C:/opscode/chefdk/embedded/lib/ruby/gems/2.3.0/gems/chef-12.18.31-universal-mingw32/lib/chef/file_content_management/content_base.rb:40:in `tempfile'
C:/opscode/chefdk/embedded/lib/ruby/gems/2.3.0/gems/chef-12.18.31-universal-mingw32/lib/chef/provider/file.rb:462:in `tempfile'
C:/opscode/chefdk/embedded/lib/ruby/gems/2.3.0/gems/chef-12.18.31-universal-mingw32/lib/chef/provider/file.rb:339:in `do_generate_content'
C:/opscode/chefdk/embedded/lib/ruby/gems/2.3.0/gems/chef-12.18.31-universal-mingw32/lib/chef/provider/file.rb:150:in `action_create'
C:/opscode/chefdk/embedded/lib/ruby/gems/2.3.0/gems/chef-12.18.31-universal-mingw32/lib/chef/provider.rb:145:in `run_action'
C:/opscode/chefdk/embedded/lib/ruby/gems/2.3.0/gems/chef-12.18.31-universal-mingw32/lib/chef/resource.rb:622:in `run_action'
C:/opscode/chefdk/embedded/lib/ruby/gems/2.3.0/gems/chef-12.18.31-universal-mingw32/lib/chef/runner.rb:69:in `run_action'
C:/opscode/chefdk/embedded/lib/ruby/gems/2.3.0/gems/chef-12.18.31-universal-mingw32/lib/chef/runner.rb:97:in `block (2 levels) in converge'
C:/opscode/chefdk/embedded/lib/ruby/gems/2.3.0/gems/chef-12.18.31-universal-mingw32/lib/chef/runner.rb:97:in `each'
C:/opscode/chefdk/embedded/lib/ruby/gems/2.3.0/gems/chef-12.18.31-universal-mingw32/lib/chef/runner.rb:97:in `block in converge'
C:/opscode/chefdk/embedded/lib/ruby/gems/2.3.0/gems/chef-12.18.31-universal-mingw32/lib/chef/resource_collection/resource_list.rb:94:in `block in execute_each_resource'
C:/opscode/chefdk/embedded/lib/ruby/gems/2.3.0/gems/chef-12.18.31-universal-mingw32/lib/chef/resource_collection/stepable_iterator.rb:114:in `call_iterator_block'
C:/opscode/chefdk/embedded/lib/ruby/gems/2.3.0/gems/chef-12.18.31-universal-mingw32/lib/chef/resource_collection/stepable_iterator.rb:85:in `step'
C:/opscode/chefdk/embedded/lib/ruby/gems/2.3.0/gems/chef-12.18.31-universal-mingw32/lib/chef/resource_collection/stepable_iterator.rb:103:in `iterate'
C:/opscode/chefdk/embedded/lib/ruby/gems/2.3.0/gems/chef-12.18.31-universal-mingw32/lib/chef/resource_collection/stepable_iterator.rb:55:in `each_with_index'
C:/opscode/chefdk/embedded/lib/ruby/gems/2.3.0/gems/chef-12.18.31-universal-mingw32/lib/chef/resource_collection/resource_list.rb:92:in `execute_each_resource'
C:/opscode/chefdk/embedded/lib/ruby/gems/2.3.0/gems/chef-12.18.31-universal-mingw32/lib/chef/runner.rb:96:in `converge'
C:/opscode/chefdk/embedded/lib/ruby/gems/2.3.0/gems/chef-12.18.31-universal-mingw32/lib/chef/client.rb:670:in `block in converge'
C:/opscode/chefdk/embedded/lib/ruby/gems/2.3.0/gems/chef-12.18.31-universal-mingw32/lib/chef/client.rb:665:in `catch'
C:/opscode/chefdk/embedded/lib/ruby/gems/2.3.0/gems/chef-12.18.31-universal-mingw32/lib/chef/client.rb:665:in `converge'
C:/opscode/chefdk/embedded/lib/ruby/gems/2.3.0/gems/chef-12.18.31-universal-mingw32/lib/chef/client.rb:704:in `converge_and_save'
C:/opscode/chefdk/embedded/lib/ruby/gems/2.3.0/gems/chef-12.18.31-universal-mingw32/lib/chef/client.rb:284:in `run'
C:/opscode/chefdk/embedded/lib/ruby/gems/2.3.0/gems/chef-12.18.31-universal-mingw32/lib/chef/application.rb:277:in `run_with_graceful_exit_option'
C:/opscode/chefdk/embedded/lib/ruby/gems/2.3.0/gems/chef-12.18.31-universal-mingw32/lib/chef/application.rb:253:in `block in run_chef_client'
C:/opscode/chefdk/embedded/lib/ruby/gems/2.3.0/gems/chef-12.18.31-universal-mingw32/lib/chef/local_mode.rb:44:in `with_server_connectivity'
C:/opscode/chefdk/embedded/lib/ruby/gems/2.3.0/gems/chef-12.18.31-universal-mingw32/lib/chef/application.rb:236:in `run_chef_client'
C:/opscode/chefdk/embedded/lib/ruby/gems/2.3.0/gems/chef-12.18.31-universal-mingw32/lib/chef/application/client.rb:464:in `sleep_then_run_chef_client'
C:/opscode/chefdk/embedded/lib/ruby/gems/2.3.0/gems/chef-12.18.31-universal-mingw32/lib/chef/application/client.rb:451:in `block in interval_run_chef_client'
C:/opscode/chefdk/embedded/lib/ruby/gems/2.3.0/gems/chef-12.18.31-universal-mingw32/lib/chef/application/client.rb:450:in `loop'
C:/opscode/chefdk/embedded/lib/ruby/gems/2.3.0/gems/chef-12.18.31-universal-mingw32/lib/chef/application/client.rb:450:in `interval_run_chef_client'
C:/opscode/chefdk/embedded/lib/ruby/gems/2.3.0/gems/chef-12.18.31-universal-mingw32/lib/chef/application/client.rb:434:in `run_application'
C:/opscode/chefdk/embedded/lib/ruby/gems/2.3.0/gems/chef-12.18.31-universal-mingw32/lib/chef/application.rb:59:in `run'
C:/opscode/chefdk/embedded/lib/ruby/gems/2.3.0/gems/chef-12.18.31-universal-mingw32/lib/chef/application/solo.rb:226:in `run'
C:/opscode/chefdk/embedded/lib/ruby/gems/2.3.0/gems/chef-12.18.31-universal-mingw32/bin/chef-solo:25:in `<top (required)>'
C:/opscode/chefdk/bin/chef-solo:68:in `load'
C:/opscode/chefdk/bin/chef-solo:68:in `<main>'

>>>> Caused by Errno::ETIMEDOUT: Failed to open TCP connection to github.com:443 (A connection attempt failed because the connected party did not properly respond after a period of time, or established connection failed because connected host has failed to respond. - connect(2) for "github.com" port 443)
C:/opscode/chefdk/embedded/lib/ruby/2.3.0/net/http.rb:882:in `rescue in block in connect'
C:/opscode/chefdk/embedded/lib/ruby/2.3.0/net/http.rb:879:in `block in connect'
C:/opscode/chefdk/embedded/lib/ruby/2.3.0/timeout.rb:91:in `block in timeout'
C:/opscode/chefdk/embedded/lib/ruby/2.3.0/timeout.rb:101:in `timeout'
C:/opscode/chefdk/embedded/lib/ruby/2.3.0/net/http.rb:878:in `connect'
C:/opscode/chefdk/embedded/lib/ruby/2.3.0/net/http.rb:863:in `do_start'
C:/opscode/chefdk/embedded/lib/ruby/2.3.0/net/http.rb:852:in `start'
C:/opscode/chefdk/embedded/lib/ruby/2.3.0/net/http.rb:1398:in `request'
C:/opscode/chefdk/embedded/lib/ruby/gems/2.3.0/gems/chef-12.18.31-universal-mingw32/lib/chef/http/basic_client.rb:70:in `request'
C:/opscode/chefdk/embedded/lib/ruby/gems/2.3.0/gems/chef-12.18.31-universal-mingw32/lib/chef/http.rb:338:in `block in send_http_request'
C:/opscode/chefdk/embedded/lib/ruby/gems/2.3.0/gems/chef-12.18.31-universal-mingw32/lib/chef/http.rb:372:in `block in retrying_http_errors'
C:/opscode/chefdk/embedded/lib/ruby/gems/2.3.0/gems/chef-12.18.31-universal-mingw32/lib/chef/http.rb:370:in `loop'
C:/opscode/chefdk/embedded/lib/ruby/gems/2.3.0/gems/chef-12.18.31-universal-mingw32/lib/chef/http.rb:370:in `retrying_http_errors'
C:/opscode/chefdk/embedded/lib/ruby/gems/2.3.0/gems/chef-12.18.31-universal-mingw32/lib/chef/http.rb:333:in `send_http_request'
C:/opscode/chefdk/embedded/lib/ruby/gems/2.3.0/gems/chef-12.18.31-universal-mingw32/lib/chef/http.rb:205:in `streaming_request'
C:/opscode/chefdk/embedded/lib/ruby/gems/2.3.0/gems/chef-12.18.31-universal-mingw32/lib/chef/provider/remote_file/http.rb:69:in `fetch'
C:/opscode/chefdk/embedded/lib/ruby/gems/2.3.0/gems/chef-12.18.31-universal-mingw32/lib/chef/provider/remote_file/content.rb:71:in `grab_file_from_uri'
C:/opscode/chefdk/embedded/lib/ruby/gems/2.3.0/gems/chef-12.18.31-universal-mingw32/lib/chef/provider/remote_file/content.rb:56:in `try_multiple_sources'
C:/opscode/chefdk/embedded/lib/ruby/gems/2.3.0/gems/chef-12.18.31-universal-mingw32/lib/chef/provider/remote_file/content.rb:41:in `file_for_provider'
C:/opscode/chefdk/embedded/lib/ruby/gems/2.3.0/gems/chef-12.18.31-universal-mingw32/lib/chef/file_content_management/content_base.rb:40:in `tempfile'
C:/opscode/chefdk/embedded/lib/ruby/gems/2.3.0/gems/chef-12.18.31-universal-mingw32/lib/chef/provider/file.rb:462:in `tempfile'
C:/opscode/chefdk/embedded/lib/ruby/gems/2.3.0/gems/chef-12.18.31-universal-mingw32/lib/chef/provider/file.rb:339:in `do_generate_content'
C:/opscode/chefdk/embedded/lib/ruby/gems/2.3.0/gems/chef-12.18.31-universal-mingw32/lib/chef/provider/file.rb:150:in `action_create'
C:/opscode/chefdk/embedded/lib/ruby/gems/2.3.0/gems/chef-12.18.31-universal-mingw32/lib/chef/provider.rb:145:in `run_action'
C:/opscode/chefdk/embedded/lib/ruby/gems/2.3.0/gems/chef-12.18.31-universal-mingw32/lib/chef/resource.rb:622:in `run_action'
C:/opscode/chefdk/embedded/lib/ruby/gems/2.3.0/gems/chef-12.18.31-universal-mingw32/lib/chef/runner.rb:69:in `run_action'
C:/opscode/chefdk/embedded/lib/ruby/gems/2.3.0/gems/chef-12.18.31-universal-mingw32/lib/chef/runner.rb:97:in `block (2 levels) in converge'
C:/opscode/chefdk/embedded/lib/ruby/gems/2.3.0/gems/chef-12.18.31-universal-mingw32/lib/chef/runner.rb:97:in `each'
C:/opscode/chefdk/embedded/lib/ruby/gems/2.3.0/gems/chef-12.18.31-universal-mingw32/lib/chef/runner.rb:97:in `block in converge'
C:/opscode/chefdk/embedded/lib/ruby/gems/2.3.0/gems/chef-12.18.31-universal-mingw32/lib/chef/resource_collection/resource_list.rb:94:in `block in execute_each_resource'
C:/opscode/chefdk/embedded/lib/ruby/gems/2.3.0/gems/chef-12.18.31-universal-mingw32/lib/chef/resource_collection/stepable_iterator.rb:114:in `call_iterator_block'
C:/opscode/chefdk/embedded/lib/ruby/gems/2.3.0/gems/chef-12.18.31-universal-mingw32/lib/chef/resource_collection/stepable_iterator.rb:85:in `step'
C:/opscode/chefdk/embedded/lib/ruby/gems/2.3.0/gems/chef-12.18.31-universal-mingw32/lib/chef/resource_collection/stepable_iterator.rb:103:in `iterate'
C:/opscode/chefdk/embedded/lib/ruby/gems/2.3.0/gems/chef-12.18.31-universal-mingw32/lib/chef/resource_collection/stepable_iterator.rb:55:in `each_with_index'
C:/opscode/chefdk/embedded/lib/ruby/gems/2.3.0/gems/chef-12.18.31-universal-mingw32/lib/chef/resource_collection/resource_list.rb:92:in `execute_each_resource'
C:/opscode/chefdk/embedded/lib/ruby/2.3.0/forwardable.rb:189:in `execute_each_resource'
C:/opscode/chefdk/embedded/lib/ruby/gems/2.3.0/gems/chef-12.18.31-universal-mingw32/lib/chef/runner.rb:96:in `converge'
C:/opscode/chefdk/embedded/lib/ruby/gems/2.3.0/gems/chef-12.18.31-universal-mingw32/lib/chef/client.rb:670:in `block in converge'
C:/opscode/chefdk/embedded/lib/ruby/gems/2.3.0/gems/chef-12.18.31-universal-mingw32/lib/chef/client.rb:665:in `catch'
C:/opscode/chefdk/embedded/lib/ruby/gems/2.3.0/gems/chef-12.18.31-universal-mingw32/lib/chef/client.rb:665:in `converge'
C:/opscode/chefdk/embedded/lib/ruby/gems/2.3.0/gems/chef-12.18.31-universal-mingw32/lib/chef/client.rb:704:in `converge_and_save'
C:/opscode/chefdk/embedded/lib/ruby/gems/2.3.0/gems/chef-12.18.31-universal-mingw32/lib/chef/client.rb:284:in `run'
C:/opscode/chefdk/embedded/lib/ruby/gems/2.3.0/gems/chef-12.18.31-universal-mingw32/lib/chef/application.rb:277:in `run_with_graceful_exit_option'
C:/opscode/chefdk/embedded/lib/ruby/gems/2.3.0/gems/chef-12.18.31-universal-mingw32/lib/chef/application.rb:253:in `block in run_chef_client'
C:/opscode/chefdk/embedded/lib/ruby/gems/2.3.0/gems/chef-12.18.31-universal-mingw32/lib/chef/local_mode.rb:44:in `with_server_connectivity'
C:/opscode/chefdk/embedded/lib/ruby/gems/2.3.0/gems/chef-12.18.31-universal-mingw32/lib/chef/application.rb:236:in `run_chef_client'
C:/opscode/chefdk/embedded/lib/ruby/gems/2.3.0/gems/chef-12.18.31-universal-mingw32/lib/chef/application/client.rb:464:in `sleep_then_run_chef_client'
C:/opscode/chefdk/embedded/lib/ruby/gems/2.3.0/gems/chef-12.18.31-universal-mingw32/lib/chef/application/client.rb:451:in `block in interval_run_chef_client'
C:/opscode/chefdk/embedded/lib/ruby/gems/2.3.0/gems/chef-12.18.31-universal-mingw32/lib/chef/application/client.rb:450:in `loop'
C:/opscode/chefdk/embedded/lib/ruby/gems/2.3.0/gems/chef-12.18.31-universal-mingw32/lib/chef/application/client.rb:450:in `interval_run_chef_client'
C:/opscode/chefdk/embedded/lib/ruby/gems/2.3.0/gems/chef-12.18.31-universal-mingw32/lib/chef/application/client.rb:434:in `run_application'
C:/opscode/chefdk/embedded/lib/ruby/gems/2.3.0/gems/chef-12.18.31-universal-mingw32/lib/chef/application.rb:59:in `run'
C:/opscode/chefdk/embedded/lib/ruby/gems/2.3.0/gems/chef-12.18.31-universal-mingw32/lib/chef/application/solo.rb:226:in `run'
C:/opscode/chefdk/embedded/lib/ruby/gems/2.3.0/gems/chef-12.18.31-universal-mingw32/bin/chef-solo:25:in `<top (required)>'
C:/opscode/chefdk/bin/chef-solo:68:in `load'
C:/opscode/chefdk/bin/chef-solo:68:in `<main>'

>>>> Caused by Errno::ETIMEDOUT: A connection attempt failed because the connected party did not properly respond after a period of time, or established connection failed because connected host has failed to respond. - connect(2) for "github.com" port 443
C:/opscode/chefdk/embedded/lib/ruby/2.3.0/net/http.rb:880:in `initialize'
C:/opscode/chefdk/embedded/lib/ruby/2.3.0/net/http.rb:880:in `open'
C:/opscode/chefdk/embedded/lib/ruby/2.3.0/net/http.rb:880:in `block in connect'
C:/opscode/chefdk/embedded/lib/ruby/2.3.0/timeout.rb:91:in `block in timeout'
C:/opscode/chefdk/embedded/lib/ruby/2.3.0/timeout.rb:101:in `timeout'
C:/opscode/chefdk/embedded/lib/ruby/2.3.0/net/http.rb:878:in `connect'
C:/opscode/chefdk/embedded/lib/ruby/2.3.0/net/http.rb:863:in `do_start'
C:/opscode/chefdk/embedded/lib/ruby/2.3.0/net/http.rb:852:in `start'
C:/opscode/chefdk/embedded/lib/ruby/2.3.0/net/http.rb:1398:in `request'
C:/opscode/chefdk/embedded/lib/ruby/gems/2.3.0/gems/chef-12.18.31-universal-mingw32/lib/chef/http/basic_client.rb:70:in `request'
C:/opscode/chefdk/embedded/lib/ruby/gems/2.3.0/gems/chef-12.18.31-universal-mingw32/lib/chef/http.rb:338:in `block in send_http_request'
C:/opscode/chefdk/embedded/lib/ruby/gems/2.3.0/gems/chef-12.18.31-universal-mingw32/lib/chef/http.rb:372:in `block in retrying_http_errors'
C:/opscode/chefdk/embedded/lib/ruby/gems/2.3.0/gems/chef-12.18.31-universal-mingw32/lib/chef/http.rb:370:in `loop'
C:/opscode/chefdk/embedded/lib/ruby/gems/2.3.0/gems/chef-12.18.31-universal-mingw32/lib/chef/http.rb:370:in `retrying_http_errors'
C:/opscode/chefdk/embedded/lib/ruby/gems/2.3.0/gems/chef-12.18.31-universal-mingw32/lib/chef/http.rb:333:in `send_http_request'
C:/opscode/chefdk/embedded/lib/ruby/gems/2.3.0/gems/chef-12.18.31-universal-mingw32/lib/chef/http.rb:205:in `streaming_request'
C:/opscode/chefdk/embedded/lib/ruby/gems/2.3.0/gems/chef-12.18.31-universal-mingw32/lib/chef/provider/remote_file/http.rb:69:in `fetch'
C:/opscode/chefdk/embedded/lib/ruby/gems/2.3.0/gems/chef-12.18.31-universal-mingw32/lib/chef/provider/remote_file/content.rb:71:in `grab_file_from_uri'
C:/opscode/chefdk/embedded/lib/ruby/gems/2.3.0/gems/chef-12.18.31-universal-mingw32/lib/chef/provider/remote_file/content.rb:56:in `try_multiple_sources'
C:/opscode/chefdk/embedded/lib/ruby/gems/2.3.0/gems/chef-12.18.31-universal-mingw32/lib/chef/provider/remote_file/content.rb:41:in `file_for_provider'
C:/opscode/chefdk/embedded/lib/ruby/gems/2.3.0/gems/chef-12.18.31-universal-mingw32/lib/chef/file_content_management/content_base.rb:40:in `tempfile'
C:/opscode/chefdk/embedded/lib/ruby/gems/2.3.0/gems/chef-12.18.31-universal-mingw32/lib/chef/provider/file.rb:462:in `tempfile'
C:/opscode/chefdk/embedded/lib/ruby/gems/2.3.0/gems/chef-12.18.31-universal-mingw32/lib/chef/provider/file.rb:339:in `do_generate_content'
C:/opscode/chefdk/embedded/lib/ruby/gems/2.3.0/gems/chef-12.18.31-universal-mingw32/lib/chef/provider/file.rb:150:in `action_create'
C:/opscode/chefdk/embedded/lib/ruby/gems/2.3.0/gems/chef-12.18.31-universal-mingw32/lib/chef/provider.rb:145:in `run_action'
C:/opscode/chefdk/embedded/lib/ruby/gems/2.3.0/gems/chef-12.18.31-universal-mingw32/lib/chef/resource.rb:622:in `run_action'
C:/opscode/chefdk/embedded/lib/ruby/gems/2.3.0/gems/chef-12.18.31-universal-mingw32/lib/chef/runner.rb:69:in `run_action'
C:/opscode/chefdk/embedded/lib/ruby/gems/2.3.0/gems/chef-12.18.31-universal-mingw32/lib/chef/runner.rb:97:in `block (2 levels) in converge'
C:/opscode/chefdk/embedded/lib/ruby/gems/2.3.0/gems/chef-12.18.31-universal-mingw32/lib/chef/runner.rb:97:in `each'
C:/opscode/chefdk/embedded/lib/ruby/gems/2.3.0/gems/chef-12.18.31-universal-mingw32/lib/chef/runner.rb:97:in `block in converge'
C:/opscode/chefdk/embedded/lib/ruby/gems/2.3.0/gems/chef-12.18.31-universal-mingw32/lib/chef/resource_collection/resource_list.rb:94:in `block in execute_each_resource'
C:/opscode/chefdk/embedded/lib/ruby/gems/2.3.0/gems/chef-12.18.31-universal-mingw32/lib/chef/resource_collection/stepable_iterator.rb:114:in `call_iterator_block'
C:/opscode/chefdk/embedded/lib/ruby/gems/2.3.0/gems/chef-12.18.31-universal-mingw32/lib/chef/resource_collection/stepable_iterator.rb:85:in `step'
C:/opscode/chefdk/embedded/lib/ruby/gems/2.3.0/gems/chef-12.18.31-universal-mingw32/lib/chef/resource_collection/stepable_iterator.rb:103:in `iterate'
C:/opscode/chefdk/embedded/lib/ruby/gems/2.3.0/gems/chef-12.18.31-universal-mingw32/lib/chef/resource_collection/stepable_iterator.rb:55:in `each_with_index'
C:/opscode/chefdk/embedded/lib/ruby/gems/2.3.0/gems/chef-12.18.31-universal-mingw32/lib/chef/resource_collection/resource_list.rb:92:in `execute_each_resource'
C:/opscode/chefdk/embedded/lib/ruby/2.3.0/forwardable.rb:189:in `execute_each_resource'
C:/opscode/chefdk/embedded/lib/ruby/gems/2.3.0/gems/chef-12.18.31-universal-mingw32/lib/chef/runner.rb:96:in `converge'
C:/opscode/chefdk/embedded/lib/ruby/gems/2.3.0/gems/chef-12.18.31-universal-mingw32/lib/chef/client.rb:670:in `block in converge'
C:/opscode/chefdk/embedded/lib/ruby/gems/2.3.0/gems/chef-12.18.31-universal-mingw32/lib/chef/client.rb:665:in `catch'
C:/opscode/chefdk/embedded/lib/ruby/gems/2.3.0/gems/chef-12.18.31-universal-mingw32/lib/chef/client.rb:665:in `converge'
C:/opscode/chefdk/embedded/lib/ruby/gems/2.3.0/gems/chef-12.18.31-universal-mingw32/lib/chef/client.rb:704:in `converge_and_save'
C:/opscode/chefdk/embedded/lib/ruby/gems/2.3.0/gems/chef-12.18.31-universal-mingw32/lib/chef/client.rb:284:in `run'
C:/opscode/chefdk/embedded/lib/ruby/gems/2.3.0/gems/chef-12.18.31-universal-mingw32/lib/chef/application.rb:277:in `run_with_graceful_exit_option'
C:/opscode/chefdk/embedded/lib/ruby/gems/2.3.0/gems/chef-12.18.31-universal-mingw32/lib/chef/application.rb:253:in `block in run_chef_client'
C:/opscode/chefdk/embedded/lib/ruby/gems/2.3.0/gems/chef-12.18.31-universal-mingw32/lib/chef/local_mode.rb:44:in `with_server_connectivity'
C:/opscode/chefdk/embedded/lib/ruby/gems/2.3.0/gems/chef-12.18.31-universal-mingw32/lib/chef/application.rb:236:in `run_chef_client'
C:/opscode/chefdk/embedded/lib/ruby/gems/2.3.0/gems/chef-12.18.31-universal-mingw32/lib/chef/application/client.rb:464:in `sleep_then_run_chef_client'
C:/opscode/chefdk/embedded/lib/ruby/gems/2.3.0/gems/chef-12.18.31-universal-mingw32/lib/chef/application/client.rb:451:in `block in interval_run_chef_client'
C:/opscode/chefdk/embedded/lib/ruby/gems/2.3.0/gems/chef-12.18.31-universal-mingw32/lib/chef/application/client.rb:450:in `loop'
C:/opscode/chefdk/embedded/lib/ruby/gems/2.3.0/gems/chef-12.18.31-universal-mingw32/lib/chef/application/client.rb:450:in `interval_run_chef_client'
C:/opscode/chefdk/embedded/lib/ruby/gems/2.3.0/gems/chef-12.18.31-universal-mingw32/lib/chef/application/client.rb:434:in `run_application'
C:/opscode/chefdk/embedded/lib/ruby/gems/2.3.0/gems/chef-12.18.31-universal-mingw32/lib/chef/application.rb:59:in `run'
C:/opscode/chefdk/embedded/lib/ruby/gems/2.3.0/gems/chef-12.18.31-universal-mingw32/lib/chef/application/solo.rb:226:in `run'
C:/opscode/chefdk/embedded/lib/ruby/gems/2.3.0/gems/chef-12.18.31-universal-mingw32/bin/chef-solo:25:in `<top (required)>'
C:/opscode/chefdk/bin/chef-solo:68:in `load'
C:/opscode/chefdk/bin/chef-solo:68:in `<main>'